openCVTutorial1CameraPreview/build/outputs/logs/manifest-merger-debug-report.txt
-- Merging decision tree log ---
manifest
ADDED from src/main/AndroidManifest.xml:2:1-47:12
	package
		ADDED from src/main/AndroidManifest.xml:3:5-36
		INJECTED from src/main/AndroidManifest.xml
		INJECTED from src/main/AndroidManifest.xml
	android:versionName
		ADDED from src/main/AndroidManifest.xml:5:5-30
		INJECTED from src/main/AndroidManifest.xml
		INJECTED from src/main/AndroidManifest.xml
	android:versionCode
		ADDED from src/main/AndroidManifest.xml:4:5-28
		INJECTED from src/main/AndroidManifest.xml
		INJECTED from src/main/AndroidManifest.xml
	xmlns:android
		ADDED from src/main/AndroidManifest.xml:2:11-69
uses-sdk
ADDED from src/main/AndroidManifest.xml:7:5-9:41
MERGED from [tutorial-1-camerapreview1:openCVLibrary300:unspecified] AndroidManifest.xml:7:5-9:40
	android:targetSdkVersion
		ADDED from src/main/AndroidManifest.xml:9:9-38
		INJECTED from src/main/AndroidManifest.xml
		INJECTED from src/main/AndroidManifest.xml
	android:minSdkVersion
		ADDED from src/main/AndroidManifest.xml:8:9-34
		INJECTED from src/main/AndroidManifest.xml
		INJECTED from src/main/AndroidManifest.xml
application
ADDED from src/main/AndroidManifest.xml:11:5-31:19
	android:label
		ADDED from src/main/AndroidManifest.xml:12:9-41
	android:theme
		ADDED from src/main/AndroidManifest.xml:14:9-67
activity#org.opencv.samples.tutorial1.Tutorial1Activity
ADDED from src/main/AndroidManifest.xml:16:9-25:20
	android:screenOrientation
		ADDED from src/main/AndroidManifest.xml:18:13-50
	android:label
		ADDED from src/main/AndroidManifest.xml:17:13-45
	android:configChanges
		ADDED from src/main/AndroidManifest.xml:19:13-63
	android:name
		ADDED from src/main/AndroidManifest.xml:16:19-80
intent-filter#android.intent.action.MAIN+android.intent.category.LAUNCHER
ADDED from src/main/AndroidManifest.xml:21:13-24:29
action#android.intent.action.MAIN
ADDED from src/main/AndroidManifest.xml:22:17-69
	android:name
		ADDED from src/main/AndroidManifest.xml:22:25-66
category#android.intent.category.LAUNCHER
ADDED from src/main/AndroidManifest.xml:23:17-77
	android:name
		ADDED from src/main/AndroidManifest.xml:23:27-74
activity#org.opencv.samples.tutorial1.SpeechRecognizer
ADDED from src/main/AndroidManifest.xml:26:9-30:20
	android:screenOrientation
		ADDED from src/main/AndroidManifest.xml:28:13-50
	android:label
		ADDED from src/main/AndroidManifest.xml:27:13-43
	android:name
		ADDED from src/main/AndroidManifest.xml:26:19-79
supports-screens
ADDED from src/main/AndroidManifest.xml:33:5-37:37
	android:largeScreens
		ADDED from src/main/AndroidManifest.xml:36:9-36
	android:smallScreens
		ADDED from src/main/AndroidManifest.xml:34:9-36
	android:normalScreens
		ADDED from src/main/AndroidManifest.xml:35:9-37
	android:resizeable
		ADDED from src/main/AndroidManifest.xml:33:23-48
	android:anyDensity
		ADDED from src/main/AndroidManifest.xml:37:9-34
uses-permission#android.permission.CAMERA
ADDED from src/main/AndroidManifest.xml:40:5-64
	android:name
		ADDED from src/main/AndroidManifest.xml:40:22-62
uses-feature#android.hardware.camera
ADDED from src/main/AndroidManifest.xml:42:5-84
	android:required
		ADDED from src/main/AndroidManifest.xml:42:58-82
	android:name
		ADDED from src/main/AndroidManifest.xml:42:19-57
uses-feature#android.hardware.camera.autofocus
ADDED from src/main/AndroidManifest.xml:43:5-94
	android:required
		ADDED from src/main/AndroidManifest.xml:43:68-92
	android:name
		ADDED from src/main/AndroidManifest.xml:43:19-67
uses-feature#android.hardware.camera.front
ADDED from src/main/AndroidManifest.xml:44:5-90
	android:required
		ADDED from src/main/AndroidManifest.xml:44:64-88
	android:name
		ADDED from src/main/AndroidManifest.xml:44:19-63
uses-feature#android.hardware.camera.front.autofocus
ADDED from src/main/AndroidManifest.xml:45:5-100
	android:required
		ADDED from src/main/AndroidManifest.xml:45:74-98
	android:name
		ADDED from src/main/AndroidManifest.xml:45:19-73